<?xml version="1.0" encoding="UTF-8"?>
<!-- Generated by org.testng.reporters.JUnitReportReporter -->
<testsuite hostname="RITHWIK-PC" name="com.qa.tests.GetAPITest" tests="1" failures="0" timestamp="3 May 2018 02:58:36 GMT" time="2.781" errors="0">
  <testcase name="getTest" time="2.781" classname="com.qa.tests.GetAPITest"/>
</testsuite> <!-- com.qa.tests.GetAPITest -->
